
ASEM-51 V1.3                                         Copyright (c) 2002 by W.W. Heinz                                         PAGE 1





       MCS-51 Family Macro Assembler   A S E M - 5 1   V 1.3
       =====================================================



	Source File:	D:\Dikka\UIN BANDUNG - TEKNIK ELEKTRO\Semester 5\Praktikum Sistem Mikroprosessor - A2\Alat Panggang Otomatis Sederhana UTS\Alat Panggang Otomatis Sederhana UTS.asm
	Object File:	D:\Dikka\UIN BANDUNG - TEKNIK ELEKTRO\Semester 5\Praktikum Sistem Mikroprosessor - A2\Alat Panggang Otomatis Sederhana UTS\Alat Panggang Otomatis Sederhana UTS.hex
	List File:	D:\Dikka\UIN BANDUNG - TEKNIK ELEKTRO\Semester 5\Praktikum Sistem Mikroprosessor - A2\Alat Panggang Otomatis Sederhana UTS\Alat Panggang Otomatis Sederhana UTS.lst



 Line  I  Addr  Code            Source

    1:		N      0000	ORG 00H
    2:	  0000	74 0C		Main:Mov A,#0CH
    3:	  0002	F5 A0		MOV P2,A
    4:	  0004	11 1A		Acall Delay
    5:	  0006	74 06		Mov A,#06H
    6:	  0008	F5 A0		MOV P2,A
    7:	  000A	11 1A		Acall Delay
    8:	  000C	74 03		Mov A,#03H
    9:	  000E	F5 A0		MOV P2,A
   10:	  0010	11 1A		Acall Delay
   11:	  0012	74 09		Mov A,#09H
   12:	  0014	F5 A0		MOV P2,A
   13:	  0016	11 1A		Acall Delay
   14:	  0018	80 E6		SJMP Main
   15:	  001A	7B 08		Delay:Mov R3,#08H
   16:	  001C	7A FF		Up2:MOV R2,#0FFH
   17:	  001E	79 FF		Up1:MOV R1,#0FFH
   18:	  0020	D9 FE		Here:DJNZ R1,Here
   19:	  0022	DA FA		DJNZ R2,Up1
   20:	  0024	DB F6		DJNZ R3,Up2
   21:	  0026	22		RET
   22:				END





                     register banks used:  ---

                     no errors




ASEM-51 V1.3                                         Copyright (c) 2002 by W.W. Heinz                                         PAGE 2





	       L I S T   O F   S Y M B O L S
	       =============================


SYMBOL				  TYPE     VALUE	LINE
------------------------------------------------------------
??ASEM_51			  NUMBER    8051
??VERSION			  NUMBER    0130
AC				  BIT	      D6
ACC				  DATA	      E0
B				  DATA	      F0
CY				  BIT	      D7
DELAY				  CODE	    001A	  15
DPH				  DATA	      83
DPL				  DATA	      82
EA				  BIT	      AF
ES				  BIT	      AC
ET0				  BIT	      A9
ET1				  BIT	      AB
EX0				  BIT	      A8
EX1				  BIT	      AA
EXTI0				  CODE	    0003
EXTI1				  CODE	    0013
F0				  BIT	      D5
HERE				  CODE	    0020	  18
IE				  DATA	      A8
IE0				  BIT	      89
IE1				  BIT	      8B
INT0				  BIT	      B2
INT1				  BIT	      B3
IP				  DATA	      B8
IT0				  BIT	      88
IT1				  BIT	      8A
MAIN				  CODE	    0000	   2
OV				  BIT	      D2
P				  BIT	      D0
P0				  DATA	      80
P1				  DATA	      90
P2				  DATA	      A0
P3				  DATA	      B0
PCON				  DATA	      87
PS				  BIT	      BC
PSW				  DATA	      D0
PT0				  BIT	      B9
PT1				  BIT	      BB
PX0				  BIT	      B8
PX1				  BIT	      BA
RB8				  BIT	      9A
RD				  BIT	      B7
REN				  BIT	      9C
RESET				  CODE	    0000
RI				  BIT	      98
RS0				  BIT	      D3
RS1				  BIT	      D4
RXD				  BIT	      B0
SBUF				  DATA	      99

ASEM-51 V1.3                                         Copyright (c) 2002 by W.W. Heinz                                         PAGE 3



SYMBOL				  TYPE     VALUE	LINE
------------------------------------------------------------
SCON				  DATA	      98
SINT				  CODE	    0023
SM0				  BIT	      9F
SM1				  BIT	      9E
SM2				  BIT	      9D
SP				  DATA	      81
T0				  BIT	      B4
T1				  BIT	      B5
TB8				  BIT	      9B
TCON				  DATA	      88
TF0				  BIT	      8D
TF1				  BIT	      8F
TH0				  DATA	      8C
TH1				  DATA	      8D
TI				  BIT	      99
TIMER0				  CODE	    000B
TIMER1				  CODE	    001B
TL0				  DATA	      8A
TL1				  DATA	      8B
TMOD				  DATA	      89
TR0				  BIT	      8C
TR1				  BIT	      8E
TXD				  BIT	      B1
UP1				  CODE	    001E	  17
UP2				  CODE	    001C	  16
WR				  BIT	      B6
